[debug] [2024-06-19T07:04:07.374Z] ----------------------------------------------------------------------
[debug] [2024-06-19T07:04:07.376Z] Command:       C:\Program Files\nodejs\node.exe C:\Users\Swapnil\AppData\Roaming\npm\node_modules\firebase-tools\lib\bin\firebase.js init
[debug] [2024-06-19T07:04:07.376Z] CLI Version:   13.11.2
[debug] [2024-06-19T07:04:07.376Z] Platform:      win32
[debug] [2024-06-19T07:04:07.377Z] Node Version:  v20.11.0
[debug] [2024-06-19T07:04:07.377Z] Time:          Wed Jun 19 2024 12:34:07 GMT+0530 (India Standard Time)
[debug] [2024-06-19T07:04:07.377Z] ----------------------------------------------------------------------
[debug] 
[debug] [2024-06-19T07:04:07.379Z] >>> [apiv2][query] GET https://firebase-public.firebaseio.com/cli.json [none]
[debug] [2024-06-19T07:04:07.426Z] > command requires scopes: ["email","openid","https://www.googleapis.com/auth/cloudplatformprojects.readonly","https://www.googleapis.com/auth/firebase","https://www.googleapis.com/auth/cloud-platform"]
[debug] [2024-06-19T07:04:07.426Z] > authorizing via signed-in user (swapnil@scrrum.com)
[info] 
     ######## #### ########  ######## ########     ###     ######  ########
     ##        ##  ##     ## ##       ##     ##  ##   ##  ##       ##
     ######    ##  ########  ######   ########  #########  ######  ######
     ##        ##  ##    ##  ##       ##     ## ##     ##       ## ##
     ##       #### ##     ## ######## ########  ##     ##  ######  ########

You're about to initialize a Firebase project in this directory:

  E:\potato\rotten

[debug] [2024-06-19T07:04:08.017Z] <<< [apiv2][status] GET https://firebase-public.firebaseio.com/cli.json 200
[debug] [2024-06-19T07:04:08.017Z] <<< [apiv2][body] GET https://firebase-public.firebaseio.com/cli.json {"cloudBuildErrorAfter":1594252800000,"cloudBuildWarnAfter":1590019200000,"defaultNode10After":1594252800000,"minVersion":"3.0.5","node8DeploysDisabledAfter":1613390400000,"node8RuntimeDisabledAfter":1615809600000,"node8WarnAfter":1600128000000}
